<?xml version="1.0" encoding="UTF-8"?>
<!-- Generated by org.testng.reporters.JUnitReportReporter -->
<testsuite hostname="DESKTOP-4FLH92S" failures="0" tests="8" name="testcase.DesktopTest" time="365.856" errors="0" timestamp="2023-01-11T14:02:51 IST" skipped="1">
  <testcase classname="testcase.DesktopTest" name="ValidiMac" time="51.728"/>
  <system-out/>
  <testcase classname="testcase.DesktopTest" name="Validprice" time="50.983"/>
  <system-out/>
  <testcase classname="testcase.DesktopTest" name="Validshow_DropDown" time="51.826"/>
  <system-out/>
  <testcase classname="testcase.DesktopTest" name="Validshowtext" time="52.004"/>
  <system-out/>
  <testcase classname="testcase.DesktopTest" name="ValidSelectiMac" time="56.806"/>
  <system-out/>
  <testcase classname="testcase.DesktopTest" name="Validsortby_DropDown" time="51.709"/>
  <system-out/>
  <testcase classname="testcase.DesktopTest" name="ValidDesktopMac" time="50.800"/>
  <system-out/>
  <testcase classname="testcase.DesktopTest" name="Validsortbytext">
    <skipped/>
  </testcase> <!-- Validsortbytext -->
  <system-out/>
</testsuite> <!-- testcase.DesktopTest -->
